0 info it worked if it ends with ok
1 verbose cli [ '/opt/nodes/4.2.2/bin/node',
1 verbose cli   '/opt/boxen/nodenv/versions/4.2/bin/npm',
1 verbose cli   'install',
1 verbose cli   'jspm-css' ]
2 info using npm@2.14.7
3 info using node@v4.2.2
4 verbose install initial load of /Users/jidonoso/src/es2015-ionic/package.json
5 warn package.json es2015-ionic@1.1.1 No repository field.
6 warn package.json es2015-ionic@1.1.1 No README data
7 warn package.json es2015-ionic@1.1.1 No license field.
8 verbose installManyTop reading scoped package data from /Users/jidonoso/src/es2015-ionic/node_modules/jasmine-core/package.json
9 verbose installManyTop reading scoped package data from /Users/jidonoso/src/es2015-ionic/node_modules/jspm/package.json
10 verbose installManyTop reading scoped package data from /Users/jidonoso/src/es2015-ionic/node_modules/karma/package.json
11 verbose installManyTop reading scoped package data from /Users/jidonoso/src/es2015-ionic/node_modules/karma-jasmine/package.json
12 verbose installManyTop reading scoped package data from /Users/jidonoso/src/es2015-ionic/node_modules/karma-jspm/package.json
13 verbose installManyTop reading scoped package data from /Users/jidonoso/src/es2015-ionic/node_modules/karma-phantomjs-launcher/package.json
14 verbose installManyTop reading scoped package data from /Users/jidonoso/src/es2015-ionic/node_modules/phantomjs/package.json
15 verbose readDependencies loading dependencies from /Users/jidonoso/src/es2015-ionic/package.json
16 silly cache add args [ 'jspm-css', null ]
17 verbose cache add spec jspm-css
18 silly cache add parsed spec Result {
18 silly cache add   raw: 'jspm-css',
18 silly cache add   scope: null,
18 silly cache add   name: 'jspm-css',
18 silly cache add   rawSpec: '',
18 silly cache add   spec: '*',
18 silly cache add   type: 'range' }
19 silly addNamed jspm-css@*
20 verbose addNamed "*" is a valid semver range for jspm-css
21 silly addNameRange { name: 'jspm-css', range: '*', hasData: false }
22 silly mapToRegistry name jspm-css
23 silly mapToRegistry using default registry
24 silly mapToRegistry registry https://registry.npmjs.org/
25 silly mapToRegistry uri https://registry.npmjs.org/jspm-css
26 verbose addNameRange registry:https://registry.npmjs.org/jspm-css not in flight; fetching
27 verbose request uri https://registry.npmjs.org/jspm-css
28 verbose request no auth needed
29 info attempt registry request try #1 at 4:30:22 PM
30 verbose request using bearer token for auth
31 verbose request id a707089371ea6189
32 http request GET https://registry.npmjs.org/jspm-css
33 http 404 https://registry.npmjs.org/jspm-css
34 verbose headers { 'content-type': 'application/json',
34 verbose headers   'cache-control': 'max-age=0',
34 verbose headers   'content-length': '2',
34 verbose headers   'accept-ranges': 'bytes',
34 verbose headers   date: 'Fri, 18 Dec 2015 21:30:23 GMT',
34 verbose headers   via: '1.1 varnish',
34 verbose headers   connection: 'keep-alive',
34 verbose headers   'x-served-by': 'cache-jfk1033-JFK',
34 verbose headers   'x-cache': 'MISS',
34 verbose headers   'x-cache-hits': '0',
34 verbose headers   'x-timer': 'S1450474222.784318,VS0,VE342' }
35 silly get cb [ 404,
35 silly get   { 'content-type': 'application/json',
35 silly get     'cache-control': 'max-age=0',
35 silly get     'content-length': '2',
35 silly get     'accept-ranges': 'bytes',
35 silly get     date: 'Fri, 18 Dec 2015 21:30:23 GMT',
35 silly get     via: '1.1 varnish',
35 silly get     connection: 'keep-alive',
35 silly get     'x-served-by': 'cache-jfk1033-JFK',
35 silly get     'x-cache': 'MISS',
35 silly get     'x-cache-hits': '0',
35 silly get     'x-timer': 'S1450474222.784318,VS0,VE342' } ]
36 verbose stack Error: Registry returned 404 for GET on https://registry.npmjs.org/jspm-css
36 verbose stack     at makeError (/opt/nodes/4.2.2/lib/node_modules/npm/node_modules/npm-registry-client/lib/request.js:264:12)
36 verbose stack     at CachingRegistryClient.<anonymous> (/opt/nodes/4.2.2/lib/node_modules/npm/node_modules/npm-registry-client/lib/request.js:242:14)
36 verbose stack     at Request._callback (/opt/nodes/4.2.2/lib/node_modules/npm/node_modules/npm-registry-client/lib/request.js:172:14)
36 verbose stack     at Request.self.callback (/opt/nodes/4.2.2/lib/node_modules/npm/node_modules/request/request.js:198:22)
36 verbose stack     at emitTwo (events.js:87:13)
36 verbose stack     at Request.emit (events.js:172:7)
36 verbose stack     at Request.<anonymous> (/opt/nodes/4.2.2/lib/node_modules/npm/node_modules/request/request.js:1063:14)
36 verbose stack     at emitOne (events.js:82:20)
36 verbose stack     at Request.emit (events.js:169:7)
36 verbose stack     at IncomingMessage.<anonymous> (/opt/nodes/4.2.2/lib/node_modules/npm/node_modules/request/request.js:1009:12)
37 verbose statusCode 404
38 verbose pkgid jspm-css
39 verbose cwd /Users/jidonoso/src/es2015-ionic
40 error Darwin 15.2.0
41 error argv "/opt/nodes/4.2.2/bin/node" "/opt/boxen/nodenv/versions/4.2/bin/npm" "install" "jspm-css"
42 error node v4.2.2
43 error npm  v2.14.7
44 error code E404
45 error 404 Registry returned 404 for GET on https://registry.npmjs.org/jspm-css
45 error 404
45 error 404 'jspm-css' is not in the npm registry.
45 error 404 You should bug the author to publish it (or use the name yourself!)
45 error 404 It was specified as a dependency of 'es2015-ionic'
45 error 404
45 error 404 Note that you can also install from a
45 error 404 tarball, folder, http url, or git url.
46 verbose exit [ 1, true ]
